\BOOKMARK [1][-]{section.1}{Introduction}{}
\BOOKMARK [1][-]{section.2}{Breve Libraries}{}
\BOOKMARK [2][-]{subsection.2.1}{Constructors with parameters}{section.2}
\BOOKMARK [2][-]{subsection.2.2}{Object distance}{section.2}
\BOOKMARK [3][-]{subsubsection.2.2.1}{Point - Sphere}{subsection.2.2}
\BOOKMARK [3][-]{subsubsection.2.2.2}{Point - Box}{subsection.2.2}
\BOOKMARK [2][-]{subsection.2.3}{Activators}{section.2}
\BOOKMARK [2][-]{subsection.2.4}{Sensor rotation and initialization}{section.2}
\BOOKMARK [2][-]{subsection.2.5}{Multibody collision handlers \(Proxies, and Real's parents \)}{section.2}
\BOOKMARK [1][-]{section.3}{Sensors}{}
\BOOKMARK [2][-]{subsection.3.1}{Light}{section.3}
\BOOKMARK [2][-]{subsection.3.2}{Distance}{section.3}
\BOOKMARK [2][-]{subsection.3.3}{Proximity}{section.3}
\BOOKMARK [2][-]{subsection.3.4}{Smell}{section.3}
\BOOKMARK [2][-]{subsection.3.5}{Sound}{section.3}
\BOOKMARK [1][-]{section.4}{Vehicles}{}
\BOOKMARK [2][-]{subsection.4.1}{Eight}{section.4}
\BOOKMARK [2][-]{subsection.4.2}{Ellipse}{section.4}
\BOOKMARK [2][-]{subsection.4.3}{Braitenberg 3c}{section.4}
\BOOKMARK [1][-]{section.5}{Project}{}
